[DEBUG] 2019/05/16 16:03:03 C:/works/goproj/src/bylib/bylog/filelog.go:26: open database C:/works/bullet/release/measure.db
[DEBUG] 2019/05/16 16:03:03 C:/works/goproj/src/bylib/bylog/filelog.go:26: parse C:/works/bullet/datadir/25#1/C171129128/*1002AI280345*
[DEBUG] 2019/05/16 16:03:03 C:/works/goproj/src/bylib/bylog/filelog.go:26: 找到了电芯的控制柜文件C:\works\bullet\datadir\25#1\C171129128\1002AI280345.xls
[DEBUG] 2019/05/16 16:03:03 C:/works/goproj/src/bylib/bylog/filelog.go:26: 文件扩展名=xls
[DEBUG] 2019/05/16 16:03:04 C:/works/goproj/src/bylib/bylog/filelog.go:26: 分析该文件总共耗费1.1798442s
[DEBUG] 2019/05/16 16:03:04 C:/works/goproj/src/bylib/bylog/filelog.go:26: 找到了 设备编号=304a26522da5 设备名称=1
[DEBUG] 2019/05/16 16:03:04 C:/works/goproj/src/bylib/bylog/filelog.go:26: parse C:/works/bullet/datadir/25#1/C171129128/*1002AI280334*
[DEBUG] 2019/05/16 16:03:04 C:/works/goproj/src/bylib/bylog/filelog.go:26: 找到了电芯的控制柜文件C:\works\bullet\datadir\25#1\C171129128\1002AI280334.xls
[DEBUG] 2019/05/16 16:03:04 C:/works/goproj/src/bylib/bylog/filelog.go:26: 文件扩展名=xls
[DEBUG] 2019/05/16 16:03:05 C:/works/goproj/src/bylib/bylog/filelog.go:26: 分析该文件总共耗费1.0890876s
[DEBUG] 2019/05/16 16:03:05 C:/works/goproj/src/bylib/bylog/filelog.go:26: 找到了 设备编号=304a26522da5 设备名称=1
[DEBUG] 2019/05/16 16:03:05 C:/works/goproj/src/bylib/bylog/filelog.go:26: parse C:/works/bullet/datadir/25#1/C171129128/*1002AI280304*
[DEBUG] 2019/05/16 16:03:05 C:/works/goproj/src/bylib/bylog/filelog.go:26: 找到了电芯的控制柜文件C:\works\bullet\datadir\25#1\C171129128\1002AI280304.xls
[DEBUG] 2019/05/16 16:03:05 C:/works/goproj/src/bylib/bylog/filelog.go:26: 文件扩展名=xls
[DEBUG] 2019/05/16 16:03:06 C:/works/goproj/src/bylib/bylog/filelog.go:26: 分析该文件总共耗费1.1708713s
[DEBUG] 2019/05/16 16:03:06 C:/works/goproj/src/bylib/bylog/filelog.go:26: 找到了 设备编号=304a26522da5 设备名称=1
[DEBUG] 2019/05/16 16:03:06 C:/works/goproj/src/bylib/bylog/filelog.go:26: parse C:/works/bullet/datadir/25#1/C171129128/*1002AI280361*
[DEBUG] 2019/05/16 16:03:06 C:/works/goproj/src/bylib/bylog/filelog.go:26: 找到了电芯的控制柜文件C:\works\bullet\datadir\25#1\C171129128\1002AI280361.xls
[DEBUG] 2019/05/16 16:03:06 C:/works/goproj/src/bylib/bylog/filelog.go:26: 文件扩展名=xls
[DEBUG] 2019/05/16 16:03:07 C:/works/goproj/src/bylib/bylog/filelog.go:26: 分析该文件总共耗费1.1119898s
[DEBUG] 2019/05/16 16:03:07 C:/works/goproj/src/bylib/bylog/filelog.go:26: 找到了 设备编号=304a26522da5 设备名称=1
[DEBUG] 2019/05/16 16:03:07 C:/works/goproj/src/bylib/bylog/filelog.go:26: parse C:/works/bullet/datadir/25#1/C171129128/*1002AI280194*
[DEBUG] 2019/05/16 16:03:07 C:/works/goproj/src/bylib/bylog/filelog.go:26: parse C:/works/bullet/datadir/25#1/C171129128/*1002AI280417*
[DEBUG] 2019/05/16 16:03:07 C:/works/goproj/src/bylib/bylog/filelog.go:26: Task num=4
[DEBUG] 2019/05/16 16:04:26 C:/works/goproj/src/bylib/bylog/filelog.go:26: circle=74
[DEBUG] 2019/05/16 16:04:26 C:/works/goproj/src/bylib/bylog/filelog.go:26: circle=69
[DEBUG] 2019/05/16 16:04:26 C:/works/goproj/src/bylib/bylog/filelog.go:26: circle=75
[DEBUG] 2019/05/16 16:04:26 C:/works/goproj/src/bylib/bylog/filelog.go:26: circle=69
[DEBUG] 2019/05/16 16:04:26 C:/works/goproj/src/bylib/bylog/filelog.go:26: start=B end=J
[DEBUG] 2019/05/16 16:04:26 C:/works/goproj/src/bylib/bylog/filelog.go:26: tasks=4
[DEBUG] 2019/05/16 16:04:26 C:/works/goproj/src/bylib/bylog/filelog.go:26: 曲线图表汇总 B2 css={"type":"line","series":[{"name":"曲线图表汇总!$Z$1","categories":"压力数据汇总!$A$3:$A$78","values":"压力数据汇总!$B$3:$B$78"},{"name":"曲线图表汇总!$Z$2","categories":"压力数据汇总!$A$3:$A$78","values":"压力数据汇总!$C$3:$C$78"}],"format":{"x_scale":1,"y_scale":1,"x_offset":0,"y_offset":0,"print_obj":true,"lock_aspect_ratio":false,"locked":false},"legend":{"position":"top","show_legend_key":false},"title":{"name":"1002AI280345"},"plotarea":{"show_bubble_size":false,"show_cat_name":false,"show_leader_lines":false,"show_percent":false,"show_series_name":false,"show_val":false},"show_blanks_as":"span","dimension":{"width":360,"height":300}}
[DEBUG] 2019/05/16 16:04:26 C:/works/goproj/src/bylib/bylog/filelog.go:26: 曲线图表汇总 C2 css={"type":"line","series":[{"name":"曲线图表汇总!$Z$1","categories":"压力数据汇总!$A$3:$A$78","values":"压力数据汇总!$D$3:$D$78"},{"name":"曲线图表汇总!$Z$2","categories":"压力数据汇总!$A$3:$A$78","values":"压力数据汇总!$E$3:$E$78"}],"format":{"x_scale":1,"y_scale":1,"x_offset":0,"y_offset":0,"print_obj":true,"lock_aspect_ratio":false,"locked":false},"legend":{"position":"top","show_legend_key":false},"title":{"name":"1002AI280334"},"plotarea":{"show_bubble_size":false,"show_cat_name":false,"show_leader_lines":false,"show_percent":false,"show_series_name":false,"show_val":false},"show_blanks_as":"span","dimension":{"width":360,"height":300}}
[DEBUG] 2019/05/16 16:04:26 C:/works/goproj/src/bylib/bylog/filelog.go:26: 曲线图表汇总 D2 css={"type":"line","series":[{"name":"曲线图表汇总!$Z$1","categories":"压力数据汇总!$A$3:$A$78","values":"压力数据汇总!$F$3:$F$78"},{"name":"曲线图表汇总!$Z$2","categories":"压力数据汇总!$A$3:$A$78","values":"压力数据汇总!$G$3:$G$78"}],"format":{"x_scale":1,"y_scale":1,"x_offset":0,"y_offset":0,"print_obj":true,"lock_aspect_ratio":false,"locked":false},"legend":{"position":"top","show_legend_key":false},"title":{"name":"1002AI280304"},"plotarea":{"show_bubble_size":false,"show_cat_name":false,"show_leader_lines":false,"show_percent":false,"show_series_name":false,"show_val":false},"show_blanks_as":"span","dimension":{"width":360,"height":300}}
[DEBUG] 2019/05/16 16:04:26 C:/works/goproj/src/bylib/bylog/filelog.go:26: 曲线图表汇总 B18 css={"type":"line","series":[{"name":"曲线图表汇总!$Z$1","categories":"压力数据汇总!$A$3:$A$78","values":"压力数据汇总!$H$3:$H$78"},{"name":"曲线图表汇总!$Z$2","categories":"压力数据汇总!$A$3:$A$78","values":"压力数据汇总!$I$3:$I$78"}],"format":{"x_scale":1,"y_scale":1,"x_offset":0,"y_offset":0,"print_obj":true,"lock_aspect_ratio":false,"locked":false},"legend":{"position":"top","show_legend_key":false},"title":{"name":"1002AI280361"},"plotarea":{"show_bubble_size":false,"show_cat_name":false,"show_leader_lines":false,"show_percent":false,"show_series_name":false,"show_val":false},"show_blanks_as":"span","dimension":{"width":360,"height":300}}
[DEBUG] 2019/05/16 16:05:34 C:/works/goproj/src/bylib/bylog/filelog.go:26: open database C:/works/bullet/release/measure.db
[DEBUG] 2019/05/16 16:05:34 C:/works/goproj/src/bylib/bylog/filelog.go:26: parse C:/works/bullet/datadir/25#1/C171205018/*1002AI270667*
[DEBUG] 2019/05/16 16:05:34 C:/works/goproj/src/bylib/bylog/filelog.go:26: parse C:/works/bullet/datadir/25#1/C171205018/*1002AI270595*
[DEBUG] 2019/05/16 16:05:34 C:/works/goproj/src/bylib/bylog/filelog.go:26: Task num=0
